# JRE version: OpenJDK Runtime Environment Temurin-21.0.8+9 (21.0.8+9) (build 21.0.8+9-LTS)
# Java VM: OpenJDK 64-Bit Server VM Temurin-21.0.8+9 (21.0.8+9-LTS, mixed mode, sharing, tiered, compressed oops, compressed class ptrs, parallel gc, windows-amd64)
GC Precious Log:
 CardTable entry size: 512
 CPUs: 4 total, 4 available
 Memory: 16222M
 Large Page Support: Disabled
 NUMA Support: Disabled
 Compressed Oops: Enabled (32-bit)
 Alignments: Space 512K, Generation 512K, Heap 2M
 Heap Min Capacity: 100M
 Heap Initial Capacity: 100M
 Heap Max Capacity: 2G
 Pre-touch: Disabled
 Parallel Workers: 4
Heap:
 PSYoungGen      total 16384K, used 7620K [0x00000000d5580000, 0x00000000d6780000, 0x0000000100000000)
  eden space 14336K, 40% used [0x00000000d5580000,0x00000000d5b2bd20,0x00000000d6380000)
  from space 2048K, 88% used [0x00000000d6400000,0x00000000d65c5610,0x00000000d6600000)
  to   space 1536K, 0% used [0x00000000d6600000,0x00000000d6600000,0x00000000d6780000)
 ParOldGen       total 68608K, used 61405K [0x0000000080000000, 0x0000000084300000, 0x00000000d5580000)
  object space 68608K, 89% used [0x0000000080000000,0x0000000083bf77a0,0x0000000084300000)
 Metaspace       used 56322K, committed 57728K, reserved 1114112K
  class space    used 6036K, committed 6656K, reserved 1048576K
GC Heap History (20 events):
Event: 40.943 GC heap before
{Heap before GC invocations=30 (full 2):
 PSYoungGen      total 23552K, used 23172K [0x00000000d5580000, 0x00000000d7080000, 0x0000000100000000)
  eden space 19456K, 100% used [0x00000000d5580000,0x00000000d6880000,0x00000000d6880000)
  from space 4096K, 90% used [0x00000000d6880000,0x00000000d6c211a8,0x00000000d6c80000)
  to   space 4096K, 0% used [0x00000000d6c80000,0x00000000d6c80000,0x00000000d7080000)
 ParOldGen       total 68608K, used 41157K [0x0000000080000000, 0x0000000084300000, 0x00000000d5580000)
  object space 68608K, 59% used [0x0000000080000000,0x0000000082831648,0x0000000084300000)
 Metaspace       used 50482K, committed 51712K, reserved 1114112K
  class space    used 5473K, committed 6016K, reserved 1048576K
}
Event: 40.951 GC heap after
{Heap after GC invocations=30 (full 2):
 PSYoungGen      total 21504K, used 1824K [0x00000000d5580000, 0x00000000d6e80000, 0x0000000100000000)
  eden space 19456K, 0% used [0x00000000d5580000,0x00000000d5580000,0x00000000d6880000)
  from space 2048K, 89% used [0x00000000d6c80000,0x00000000d6e48160,0x00000000d6e80000)
  to   space 2560K, 0% used [0x00000000d6980000,0x00000000d6980000,0x00000000d6c00000)
 ParOldGen       total 68608K, used 44572K [0x0000000080000000, 0x0000000084300000, 0x00000000d5580000)
  object space 68608K, 64% used [0x0000000080000000,0x0000000082b872e8,0x0000000084300000)
 Metaspace       used 50482K, committed 51712K, reserved 1114112K
  class space    used 5473K, committed 6016K, reserved 1048576K
}
Event: 41.899 GC heap before
{Heap before GC invocations=31 (full 2):
 PSYoungGen      total 21504K, used 21258K [0x00000000d5580000, 0x00000000d6e80000, 0x0000000100000000)
  eden space 19456K, 99% used [0x00000000d5580000,0x00000000d687a778,0x00000000d6880000)
  from space 2048K, 89% used [0x00000000d6c80000,0x00000000d6e48160,0x00000000d6e80000)
  to   space 2560K, 0% used [0x00000000d6980000,0x00000000d6980000,0x00000000d6c00000)
 ParOldGen       total 68608K, used 44572K [0x0000000080000000, 0x0000000084300000, 0x00000000d5580000)
  object space 68608K, 64% used [0x0000000080000000,0x0000000082b872e8,0x0000000084300000)
 Metaspace       used 51295K, committed 52544K, reserved 1114112K
  class space    used 5544K, committed 6080K, reserved 1048576K
}
Event: 41.905 GC heap after
{Heap after GC invocations=31 (full 2):
 PSYoungGen      total 21504K, used 1635K [0x00000000d5580000, 0x00000000d6d00000, 0x0000000100000000)
  eden space 19456K, 0% used [0x00000000d5580000,0x00000000d5580000,0x00000000d6880000)
  from space 2048K, 79% used [0x00000000d6980000,0x00000000d6b18e08,0x00000000d6b80000)
  to   space 1536K, 0% used [0x00000000d6b80000,0x00000000d6b80000,0x00000000d6d00000)
 ParOldGen       total 68608K, used 46315K [0x0000000080000000, 0x0000000084300000, 0x00000000d5580000)
  object space 68608K, 67% used [0x0000000080000000,0x0000000082d3ae48,0x0000000084300000)
 Metaspace       used 51295K, committed 52544K, reserved 1114112K
  class space    used 5544K, committed 6080K, reserved 1048576K
}
Event: 42.510 GC heap before
{Heap before GC invocations=32 (full 2):
 PSYoungGen      total 21504K, used 21091K [0x00000000d5580000, 0x00000000d6d00000, 0x0000000100000000)
  eden space 19456K, 100% used [0x00000000d5580000,0x00000000d6880000,0x00000000d6880000)
  from space 2048K, 79% used [0x00000000d6980000,0x00000000d6b18e08,0x00000000d6b80000)
  to   space 1536K, 0% used [0x00000000d6b80000,0x00000000d6b80000,0x00000000d6d00000)
 ParOldGen       total 68608K, used 46315K [0x0000000080000000, 0x0000000084300000, 0x00000000d5580000)
  object space 68608K, 67% used [0x0000000080000000,0x0000000082d3ae48,0x0000000084300000)
 Metaspace       used 52135K, committed 53312K, reserved 1114112K
  class space    used 5617K, committed 6144K, reserved 1048576K
}
Event: 42.516 GC heap after
{Heap after GC invocations=32 (full 2):
 PSYoungGen      total 17920K, used 1516K [0x00000000d5580000, 0x00000000d7480000, 0x0000000100000000)
  eden space 16384K, 0% used [0x00000000d5580000,0x00000000d5580000,0x00000000d6580000)
  from space 1536K, 98% used [0x00000000d6b80000,0x00000000d6cfb170,0x00000000d6d00000)
  to   space 6144K, 0% used [0x00000000d6580000,0x00000000d6580000,0x00000000d6b80000)
 ParOldGen       total 68608K, used 50125K [0x0000000080000000, 0x0000000084300000, 0x00000000d5580000)
  object space 68608K, 73% used [0x0000000080000000,0x00000000830f3630,0x0000000084300000)
 Metaspace       used 52135K, committed 53312K, reserved 1114112K
  class space    used 5617K, committed 6144K, reserved 1048576K
}
Event: 42.786 GC heap before
{Heap before GC invocations=33 (full 2):
 PSYoungGen      total 17920K, used 17900K [0x00000000d5580000, 0x00000000d7480000, 0x0000000100000000)
  eden space 16384K, 100% used [0x00000000d5580000,0x00000000d6580000,0x00000000d6580000)
  from space 1536K, 98% used [0x00000000d6b80000,0x00000000d6cfb170,0x00000000d6d00000)
  to   space 6144K, 0% used [0x00000000d6580000,0x00000000d6580000,0x00000000d6b80000)
 ParOldGen       total 68608K, used 50125K [0x0000000080000000, 0x0000000084300000, 0x00000000d5580000)
  object space 68608K, 73% used [0x0000000080000000,0x00000000830f3630,0x0000000084300000)
 Metaspace       used 52185K, committed 53376K, reserved 1114112K
  class space    used 5618K, committed 6144K, reserved 1048576K
}
Event: 42.792 GC heap after
{Heap after GC invocations=33 (full 2):
 PSYoungGen      total 17920K, used 1429K [0x00000000d5580000, 0x00000000d6c00000, 0x0000000100000000)
  eden space 16384K, 0% used [0x00000000d5580000,0x00000000d5580000,0x00000000d6580000)
  from space 1536K, 93% used [0x00000000d6580000,0x00000000d66e54e8,0x00000000d6700000)
  to   space 3072K, 0% used [0x00000000d6900000,0x00000000d6900000,0x00000000d6c00000)
 ParOldGen       total 68608K, used 51588K [0x0000000080000000, 0x0000000084300000, 0x00000000d5580000)
  object space 68608K, 75% used [0x0000000080000000,0x0000000083261068,0x0000000084300000)
 Metaspace       used 52185K, committed 53376K, reserved 1114112K
  class space    used 5618K, committed 6144K, reserved 1048576K
}
Event: 43.005 GC heap before
{Heap before GC invocations=34 (full 2):
 PSYoungGen      total 17920K, used 17813K [0x00000000d5580000, 0x00000000d6c00000, 0x0000000100000000)
  eden space 16384K, 100% used [0x00000000d5580000,0x00000000d6580000,0x00000000d6580000)
  from space 1536K, 93% used [0x00000000d6580000,0x00000000d66e54e8,0x00000000d6700000)
  to   space 3072K, 0% used [0x00000000d6900000,0x00000000d6900000,0x00000000d6c00000)
 ParOldGen       total 68608K, used 51588K [0x0000000080000000, 0x0000000084300000, 0x00000000d5580000)
  object space 68608K, 75% used [0x0000000080000000,0x0000000083261068,0x0000000084300000)
 Metaspace       used 52199K, committed 53376K, reserved 1114112K
  class space    used 5618K, committed 6144K, reserved 1048576K
}
Event: 43.011 GC heap after
{Heap after GC invocations=34 (full 2):
 PSYoungGen      total 17920K, used 1370K [0x00000000d5580000, 0x00000000d6a80000, 0x0000000100000000)
  eden space 16384K, 0% used [0x00000000d5580000,0x00000000d5580000,0x00000000d6580000)
  from space 1536K, 89% used [0x00000000d6900000,0x00000000d6a56bd0,0x00000000d6a80000)
  to   space 2048K, 0% used [0x00000000d6680000,0x00000000d6680000,0x00000000d6880000)
 ParOldGen       total 68608K, used 52606K [0x0000000080000000, 0x0000000084300000, 0x00000000d5580000)
  object space 68608K, 76% used [0x0000000080000000,0x000000008335f9a8,0x0000000084300000)
 Metaspace       used 52199K, committed 53376K, reserved 1114112K
  class space    used 5618K, committed 6144K, reserved 1048576K
}
Event: 43.261 GC heap before
{Heap before GC invocations=35 (full 2):
 PSYoungGen      total 17920K, used 17754K [0x00000000d5580000, 0x00000000d6a80000, 0x0000000100000000)
  eden space 16384K, 100% used [0x00000000d5580000,0x00000000d6580000,0x00000000d6580000)
  from space 1536K, 89% used [0x00000000d6900000,0x00000000d6a56bd0,0x00000000d6a80000)
  to   space 2048K, 0% used [0x00000000d6680000,0x00000000d6680000,0x00000000d6880000)
 ParOldGen       total 68608K, used 52606K [0x0000000080000000, 0x0000000084300000, 0x00000000d5580000)
  object space 68608K, 76% used [0x0000000080000000,0x000000008335f9a8,0x0000000084300000)
 Metaspace       used 52906K, committed 54080K, reserved 1114112K
  class space    used 5682K, committed 6208K, reserved 1048576K
}
Event: 43.264 GC heap after
{Heap after GC invocations=35 (full 2):
 PSYoungGen      total 17920K, used 1131K [0x00000000d5580000, 0x00000000d6980000, 0x0000000100000000)
  eden space 16384K, 0% used [0x00000000d5580000,0x00000000d5580000,0x00000000d6580000)
  from space 1536K, 73% used [0x00000000d6680000,0x00000000d679ac70,0x00000000d6800000)
  to   space 1536K, 0% used [0x00000000d6800000,0x00000000d6800000,0x00000000d6980000)
 ParOldGen       total 68608K, used 53464K [0x0000000080000000, 0x0000000084300000, 0x00000000d5580000)
  object space 68608K, 77% used [0x0000000080000000,0x0000000083436348,0x0000000084300000)
 Metaspace       used 52906K, committed 54080K, reserved 1114112K
  class space    used 5682K, committed 6208K, reserved 1048576K
}
Event: 43.835 GC heap before
{Heap before GC invocations=36 (full 2):
 PSYoungGen      total 17920K, used 17515K [0x00000000d5580000, 0x00000000d6980000, 0x0000000100000000)
  eden space 16384K, 100% used [0x00000000d5580000,0x00000000d6580000,0x00000000d6580000)
  from space 1536K, 73% used [0x00000000d6680000,0x00000000d679ac70,0x00000000d6800000)
  to   space 1536K, 0% used [0x00000000d6800000,0x00000000d6800000,0x00000000d6980000)
 ParOldGen       total 68608K, used 53464K [0x0000000080000000, 0x0000000084300000, 0x00000000d5580000)
  object space 68608K, 77% used [0x0000000080000000,0x0000000083436348,0x0000000084300000)
 Metaspace       used 53520K, committed 54720K, reserved 1114112K
  class space    used 5741K, committed 6272K, reserved 1048576K
}
Event: 43.848 GC heap after
{Heap after GC invocations=36 (full 2):
 PSYoungGen      total 15872K, used 1536K [0x00000000d5580000, 0x00000000d6e80000, 0x0000000100000000)
  eden space 14336K, 0% used [0x00000000d5580000,0x00000000d5580000,0x00000000d6380000)
  from space 1536K, 100% used [0x00000000d6800000,0x00000000d6980000,0x00000000d6980000)
  to   space 4608K, 0% used [0x00000000d6380000,0x00000000d6380000,0x00000000d6800000)
 ParOldGen       total 68608K, used 55611K [0x0000000080000000, 0x0000000084300000, 0x00000000d5580000)
  object space 68608K, 81% used [0x0000000080000000,0x000000008364efc0,0x0000000084300000)
 Metaspace       used 53520K, committed 54720K, reserved 1114112K
  class space    used 5741K, committed 6272K, reserved 1048576K
}
Event: 44.131 GC heap before
{Heap before GC invocations=37 (full 2):
 PSYoungGen      total 15872K, used 15872K [0x00000000d5580000, 0x00000000d6e80000, 0x0000000100000000)
  eden space 14336K, 100% used [0x00000000d5580000,0x00000000d6380000,0x00000000d6380000)
  from space 1536K, 100% used [0x00000000d6800000,0x00000000d6980000,0x00000000d6980000)
  to   space 4608K, 0% used [0x00000000d6380000,0x00000000d6380000,0x00000000d6800000)
 ParOldGen       total 68608K, used 55611K [0x0000000080000000, 0x0000000084300000, 0x00000000d5580000)
  object space 68608K, 81% used [0x0000000080000000,0x000000008364efc0,0x0000000084300000)
 Metaspace       used 53520K, committed 54720K, reserved 1114112K
  class space    used 5741K, committed 6272K, reserved 1048576K
}
Event: 44.135 GC heap after
{Heap after GC invocations=37 (full 2):
 PSYoungGen      total 17920K, used 3314K [0x00000000d5580000, 0x00000000d6a80000, 0x0000000100000000)
  eden space 14336K, 0% used [0x00000000d5580000,0x00000000d5580000,0x00000000d6380000)
  from space 3584K, 92% used [0x00000000d6380000,0x00000000d66bcb80,0x00000000d6700000)
  to   space 3584K, 0% used [0x00000000d6700000,0x00000000d6700000,0x00000000d6a80000)
 ParOldGen       total 68608K, used 57032K [0x0000000080000000, 0x0000000084300000, 0x00000000d5580000)
  object space 68608K, 83% used [0x0000000080000000,0x00000000837b21d0,0x0000000084300000)
 Metaspace       used 53520K, committed 54720K, reserved 1114112K
  class space    used 5741K, committed 6272K, reserved 1048576K
}
Event: 45.229 GC heap before
{Heap before GC invocations=38 (full 2):
 PSYoungGen      total 17920K, used 17650K [0x00000000d5580000, 0x00000000d6a80000, 0x0000000100000000)
  eden space 14336K, 99% used [0x00000000d5580000,0x00000000d637fff0,0x00000000d6380000)
  from space 3584K, 92% used [0x00000000d6380000,0x00000000d66bcb80,0x00000000d6700000)
  to   space 3584K, 0% used [0x00000000d6700000,0x00000000d6700000,0x00000000d6a80000)
 ParOldGen       total 68608K, used 57032K [0x0000000080000000, 0x0000000084300000, 0x00000000d5580000)
  object space 68608K, 83% used [0x0000000080000000,0x00000000837b21d0,0x0000000084300000)
 Metaspace       used 54691K, committed 56000K, reserved 1114112K
  class space    used 5863K, committed 6400K, reserved 1048576K
}
Event: 45.235 GC heap after
{Heap after GC invocations=38 (full 2):
 PSYoungGen      total 16384K, used 1785K [0x00000000d5580000, 0x00000000d6900000, 0x0000000100000000)
  eden space 14336K, 0% used [0x00000000d5580000,0x00000000d5580000,0x00000000d6380000)
  from space 2048K, 87% used [0x00000000d6700000,0x00000000d68be418,0x00000000d6900000)
  to   space 2560K, 0% used [0x00000000d6400000,0x00000000d6400000,0x00000000d6680000)
 ParOldGen       total 68608K, used 60266K [0x0000000080000000, 0x0000000084300000, 0x00000000d5580000)
  object space 68608K, 87% used [0x0000000080000000,0x0000000083ada900,0x0000000084300000)
 Metaspace       used 54691K, committed 56000K, reserved 1114112K
  class space    used 5863K, committed 6400K, reserved 1048576K
}
Event: 47.206 GC heap before
{Heap before GC invocations=39 (full 2):
 PSYoungGen      total 16384K, used 16121K [0x00000000d5580000, 0x00000000d6900000, 0x0000000100000000)
  eden space 14336K, 100% used [0x00000000d5580000,0x00000000d6380000,0x00000000d6380000)
  from space 2048K, 87% used [0x00000000d6700000,0x00000000d68be418,0x00000000d6900000)
  to   space 2560K, 0% used [0x00000000d6400000,0x00000000d6400000,0x00000000d6680000)
 ParOldGen       total 68608K, used 60266K [0x0000000080000000, 0x0000000084300000, 0x00000000d5580000)
  object space 68608K, 87% used [0x0000000080000000,0x0000000083ada900,0x0000000084300000)
 Metaspace       used 56066K, committed 57408K, reserved 1114112K
  class space    used 5992K, committed 6592K, reserved 1048576K
}
Event: 47.212 GC heap after
{Heap after GC invocations=39 (full 2):
 PSYoungGen      total 16384K, used 1813K [0x00000000d5580000, 0x00000000d6780000, 0x0000000100000000)
  eden space 14336K, 0% used [0x00000000d5580000,0x00000000d5580000,0x00000000d6380000)
  from space 2048K, 88% used [0x00000000d6400000,0x00000000d65c5610,0x00000000d6600000)
  to   space 1536K, 0% used [0x00000000d6600000,0x00000000d6600000,0x00000000d6780000)
 ParOldGen       total 68608K, used 61405K [0x0000000080000000, 0x0000000084300000, 0x00000000d5580000)
  object space 68608K, 89% used [0x0000000080000000,0x0000000083bf77a0,0x0000000084300000)
 Metaspace       used 56066K, committed 57408K, reserved 1114112K
  class space    used 5992K, committed 6592K, reserved 1048576K
}

